{
  meta: {
    req: {
      url: '/users/2/borrow/4',
      headers: {
        'user-agent': 'PostmanRuntime/7.41.0',
        accept: '*/*',
        'cache-control': 'no-cache',
        'postman-token': '8b866838-4182-4d5f-8d9b-5c490f9219c4',
        host: 'localhost:3000',
        'accept-encoding': 'gzip, deflate, br',
        connection: 'keep-alive',
        'content-length': '0'
      },
      method: 'POST',
      httpVersion: '1.1',
      originalUrl: '/users/2/borrow/4',
      query: {}
    },
    res: { statusCode: 500 },
    responseTime: 33
  },
  level: 'error',
  message: 'HTTP POST /users/2/borrow/4',
  timestamp: '2024-08-11T13:19:42.549Z'
}
{
  meta: {
    req: {
      url: '/users/2/borrow/4',
      headers: {
        'user-agent': 'PostmanRuntime/7.41.0',
        accept: '*/*',
        'cache-control': 'no-cache',
        'postman-token': '2b7ba9db-a527-4643-bef5-1bcce06a8df7',
        host: 'localhost:3000',
        'accept-encoding': 'gzip, deflate, br',
        connection: 'keep-alive',
        'content-length': '0'
      },
      method: 'POST',
      httpVersion: '1.1',
      originalUrl: '/users/2/borrow/4',
      query: {}
    },
    res: { statusCode: 500 },
    responseTime: 33
  },
  level: 'error',
  message: 'HTTP POST /users/2/borrow/4',
  timestamp: '2024-08-11T13:20:12.479Z'
}
{
  meta: {
    req: {
      url: '/users/2/borrow/4',
      headers: {
        'user-agent': 'PostmanRuntime/7.41.0',
        accept: '*/*',
        'cache-control': 'no-cache',
        'postman-token': 'ac84cdae-1aa9-4bc5-bf2c-7a8d00f0f3e0',
        host: 'localhost:3000',
        'accept-encoding': 'gzip, deflate, br',
        connection: 'keep-alive',
        'content-length': '0'
      },
      method: 'POST',
      httpVersion: '1.1',
      originalUrl: '/users/2/borrow/4',
      query: {}
    },
    res: { statusCode: 500 },
    responseTime: 34
  },
  level: 'error',
  message: 'HTTP POST /users/2/borrow/4',
  timestamp: '2024-08-11T13:20:32.321Z'
}
{
  meta: {
    req: {
      url: '/users/2/borrow/4',
      headers: {
        'user-agent': 'PostmanRuntime/7.41.0',
        accept: '*/*',
        'cache-control': 'no-cache',
        'postman-token': 'f36eade5-3f81-4816-a3e8-62aa04578e30',
        host: 'localhost:3000',
        'accept-encoding': 'gzip, deflate, br',
        connection: 'keep-alive',
        'content-length': '0'
      },
      method: 'POST',
      httpVersion: '1.1',
      originalUrl: '/users/2/borrow/4',
      query: {}
    },
    res: { statusCode: 500 },
    responseTime: 33
  },
  level: 'error',
  message: 'HTTP POST /users/2/borrow/4',
  timestamp: '2024-08-11T13:21:33.887Z'
}
{
  meta: {
    req: {
      url: '/users/2/borrow/4',
      headers: {
        'user-agent': 'PostmanRuntime/7.41.0',
        accept: '*/*',
        'cache-control': 'no-cache',
        'postman-token': '7bd28fc0-eec2-45d6-9f99-e123a70970ef',
        host: 'localhost:3000',
        'accept-encoding': 'gzip, deflate, br',
        connection: 'keep-alive',
        'content-length': '0'
      },
      method: 'POST',
      httpVersion: '1.1',
      originalUrl: '/users/2/borrow/4',
      query: {}
    },
    res: { statusCode: 500 },
    responseTime: 14
  },
  level: 'error',
  message: 'HTTP POST /users/2/borrow/4',
  timestamp: '2024-08-11T13:25:35.957Z'
}
{
  meta: {
    req: {
      url: '/users/2/borrow/4',
      headers: {
        'user-agent': 'PostmanRuntime/7.41.0',
        accept: '*/*',
        'cache-control': 'no-cache',
        'postman-token': '260b144f-0f52-444b-81a3-66cd29e5b3d2',
        host: 'localhost:3000',
        'accept-encoding': 'gzip, deflate, br',
        connection: 'keep-alive',
        'content-length': '0'
      },
      method: 'POST',
      httpVersion: '1.1',
      originalUrl: '/users/2/borrow/4',
      query: {}
    },
    res: { statusCode: 500 },
    responseTime: 12
  },
  level: 'error',
  message: 'HTTP POST /users/2/borrow/4',
  timestamp: '2024-08-11T13:26:14.643Z'
}
{
  meta: {
    req: {
      url: '/users/2/borrow/4',
      headers: {
        'user-agent': 'PostmanRuntime/7.41.0',
        accept: '*/*',
        'cache-control': 'no-cache',
        'postman-token': '1f531290-6598-4598-b72a-66e5eda0f7a3',
        host: 'localhost:3000',
        'accept-encoding': 'gzip, deflate, br',
        connection: 'keep-alive',
        'content-length': '0'
      },
      method: 'POST',
      httpVersion: '1.1',
      originalUrl: '/users/2/borrow/4',
      query: {}
    },
    res: { statusCode: 500 },
    responseTime: 374
  },
  level: 'error',
  message: 'HTTP POST /users/2/borrow/4',
  timestamp: '2024-08-11T13:26:37.364Z'
}
{
  meta: {
    req: {
      url: '/users/2/borrow/4',
      headers: {
        'user-agent': 'PostmanRuntime/7.41.0',
        accept: '*/*',
        'cache-control': 'no-cache',
        'postman-token': 'a860c357-b763-41b2-99d4-6bbf042d6b2e',
        host: 'localhost:3000',
        'accept-encoding': 'gzip, deflate, br',
        connection: 'keep-alive',
        'content-length': '0'
      },
      method: 'POST',
      httpVersion: '1.1',
      originalUrl: '/users/2/borrow/4',
      query: {}
    },
    res: { statusCode: 500 },
    responseTime: 35
  },
  level: 'error',
  message: 'HTTP POST /users/2/borrow/4',
  timestamp: '2024-08-11T13:28:12.462Z'
}
{
  meta: {
    req: {
      url: '/users/2/borrow/4',
      headers: {
        'user-agent': 'PostmanRuntime/7.41.0',
        accept: '*/*',
        'cache-control': 'no-cache',
        'postman-token': '0f97b6b3-a624-4a35-8877-41f2c213c733',
        host: 'localhost:3000',
        'accept-encoding': 'gzip, deflate, br',
        connection: 'keep-alive',
        'content-length': '0'
      },
      method: 'POST',
      httpVersion: '1.1',
      originalUrl: '/users/2/borrow/4',
      query: {}
    },
    res: { statusCode: 500 },
    responseTime: 2
  },
  level: 'error',
  message: 'HTTP POST /users/2/borrow/4',
  timestamp: '2024-08-11T13:28:42.096Z'
}
{
  meta: {
    req: {
      url: '/users/2/borrow/5',
      headers: {
        'user-agent': 'PostmanRuntime/7.41.0',
        accept: '*/*',
        'cache-control': 'no-cache',
        'postman-token': 'd806acc5-0c6d-4a6a-98d8-b37e9e4145cc',
        host: 'localhost:3000',
        'accept-encoding': 'gzip, deflate, br',
        connection: 'keep-alive',
        'content-length': '0'
      },
      method: 'POST',
      httpVersion: '1.1',
      originalUrl: '/users/2/borrow/5',
      query: {}
    },
    res: { statusCode: 500 },
    responseTime: 2
  },
  level: 'error',
  message: 'HTTP POST /users/2/borrow/5',
  timestamp: '2024-08-11T13:34:58.766Z'
}
{
  meta: {
    req: {
      url: '/users/2',
      headers: {
        'user-agent': 'PostmanRuntime/7.41.0',
        accept: '*/*',
        'cache-control': 'no-cache',
        'postman-token': 'abb1ad9b-76b5-4fb2-94d3-c7130d3e0899',
        host: 'localhost:3000',
        'accept-encoding': 'gzip, deflate, br',
        connection: 'keep-alive'
      },
      method: 'GET',
      httpVersion: '1.1',
      originalUrl: '/users/2',
      query: {}
    },
    res: { statusCode: 404 },
    responseTime: 4
  },
  level: 'warn',
  message: 'HTTP GET /users/2',
  timestamp: '2024-08-11T20:44:47.911Z'
}
{
  meta: {
    req: {
      url: '/books',
      headers: {
        'user-agent': 'PostmanRuntime/7.41.0',
        accept: '*/*',
        'cache-control': 'no-cache',
        'postman-token': '8d8b5c94-bb6a-438e-963e-7fabfaa17970',
        host: 'localhost:3000',
        'accept-encoding': 'gzip, deflate, br',
        connection: 'keep-alive'
      },
      method: 'GET',
      httpVersion: '1.1',
      originalUrl: '/books',
      query: {}
    },
    res: { statusCode: 404 },
    responseTime: 33
  },
  level: 'warn',
  message: 'HTTP GET /books',
  timestamp: '2024-08-11T20:44:59.264Z'
}
