{
  meta: {
    req: {
      url: '/books',
      headers: {
        'user-agent': 'PostmanRuntime/7.41.0',
        accept: '*/*',
        'cache-control': 'no-cache',
        'postman-token': 'e28691e2-d184-47f6-9c35-0da0404fdae5',
        host: 'localhost:3000',
        'accept-encoding': 'gzip, deflate, br',
        connection: 'keep-alive'
      },
      method: 'GET',
      httpVersion: '1.1',
      originalUrl: '/books',
      query: {}
    },
    res: { statusCode: 200 },
    responseTime: 39
  },
  level: 'info',
  message: 'HTTP GET /books',
  timestamp: '2024-08-11T12:13:33.595Z'
}
{
  meta: {
    req: {
      url: '/users/2/borrow/4',
      headers: {
        'user-agent': 'PostmanRuntime/7.41.0',
        accept: '*/*',
        'cache-control': 'no-cache',
        'postman-token': 'cfe94cde-2861-4a8f-8759-9674aed66821',
        host: 'localhost:3000',
        'accept-encoding': 'gzip, deflate, br',
        connection: 'keep-alive',
        'content-length': '0'
      },
      method: 'POST',
      httpVersion: '1.1',
      originalUrl: '/users/2/borrow/4',
      query: {}
    },
    res: { statusCode: 201 },
    responseTime: 59
  },
  level: 'info',
  message: 'HTTP POST /users/2/borrow/4',
  timestamp: '2024-08-11T13:18:28.792Z'
}
{
  meta: {
    req: {
      url: '/users/2/borrow/4',
      headers: {
        'user-agent': 'PostmanRuntime/7.41.0',
        accept: '*/*',
        'cache-control': 'no-cache',
        'postman-token': 'e0b6e780-7332-47b3-98c7-f6ea859eb7b1',
        host: 'localhost:3000',
        'accept-encoding': 'gzip, deflate, br',
        connection: 'keep-alive',
        'content-length': '0'
      },
      method: 'POST',
      httpVersion: '1.1',
      originalUrl: '/users/2/borrow/4',
      query: {}
    },
    res: { statusCode: 201 },
    responseTime: 53
  },
  level: 'info',
  message: 'HTTP POST /users/2/borrow/4',
  timestamp: '2024-08-11T13:19:22.630Z'
}
{
  meta: {
    req: {
      url: '/users/2/borrow/4',
      headers: {
        'user-agent': 'PostmanRuntime/7.41.0',
        accept: '*/*',
        'cache-control': 'no-cache',
        'postman-token': '8b866838-4182-4d5f-8d9b-5c490f9219c4',
        host: 'localhost:3000',
        'accept-encoding': 'gzip, deflate, br',
        connection: 'keep-alive',
        'content-length': '0'
      },
      method: 'POST',
      httpVersion: '1.1',
      originalUrl: '/users/2/borrow/4',
      query: {}
    },
    res: { statusCode: 500 },
    responseTime: 33
  },
  level: 'error',
  message: 'HTTP POST /users/2/borrow/4',
  timestamp: '2024-08-11T13:19:42.549Z'
}
{
  meta: {
    req: {
      url: '/users/2/return/4',
      headers: {
        'content-type': 'application/json',
        'user-agent': 'PostmanRuntime/7.41.0',
        accept: '*/*',
        'cache-control': 'no-cache',
        'postman-token': '22acab7a-99e5-4d65-bb73-6205b57afce5',
        host: 'localhost:3000',
        'accept-encoding': 'gzip, deflate, br',
        connection: 'keep-alive',
        'content-length': '15'
      },
      method: 'POST',
      httpVersion: '1.1',
      originalUrl: '/users/2/return/4',
      query: {}
    },
    res: { statusCode: 200 },
    responseTime: 41
  },
  level: 'info',
  message: 'HTTP POST /users/2/return/4',
  timestamp: '2024-08-11T13:19:54.772Z'
}
{
  meta: {
    req: {
      url: '/users/2/borrow/4',
      headers: {
        'user-agent': 'PostmanRuntime/7.41.0',
        accept: '*/*',
        'cache-control': 'no-cache',
        'postman-token': '2b7ba9db-a527-4643-bef5-1bcce06a8df7',
        host: 'localhost:3000',
        'accept-encoding': 'gzip, deflate, br',
        connection: 'keep-alive',
        'content-length': '0'
      },
      method: 'POST',
      httpVersion: '1.1',
      originalUrl: '/users/2/borrow/4',
      query: {}
    },
    res: { statusCode: 500 },
    responseTime: 33
  },
  level: 'error',
  message: 'HTTP POST /users/2/borrow/4',
  timestamp: '2024-08-11T13:20:12.479Z'
}
{
  meta: {
    req: {
      url: '/users/2/borrow/4',
      headers: {
        'user-agent': 'PostmanRuntime/7.41.0',
        accept: '*/*',
        'cache-control': 'no-cache',
        'postman-token': 'ac84cdae-1aa9-4bc5-bf2c-7a8d00f0f3e0',
        host: 'localhost:3000',
        'accept-encoding': 'gzip, deflate, br',
        connection: 'keep-alive',
        'content-length': '0'
      },
      method: 'POST',
      httpVersion: '1.1',
      originalUrl: '/users/2/borrow/4',
      query: {}
    },
    res: { statusCode: 500 },
    responseTime: 34
  },
  level: 'error',
  message: 'HTTP POST /users/2/borrow/4',
  timestamp: '2024-08-11T13:20:32.321Z'
}
{
  meta: {
    req: {
      url: '/users/2/borrow/4',
      headers: {
        'user-agent': 'PostmanRuntime/7.41.0',
        accept: '*/*',
        'cache-control': 'no-cache',
        'postman-token': 'f36eade5-3f81-4816-a3e8-62aa04578e30',
        host: 'localhost:3000',
        'accept-encoding': 'gzip, deflate, br',
        connection: 'keep-alive',
        'content-length': '0'
      },
      method: 'POST',
      httpVersion: '1.1',
      originalUrl: '/users/2/borrow/4',
      query: {}
    },
    res: { statusCode: 500 },
    responseTime: 33
  },
  level: 'error',
  message: 'HTTP POST /users/2/borrow/4',
  timestamp: '2024-08-11T13:21:33.887Z'
}
{
  meta: {
    req: {
      url: '/users/2/borrow/4',
      headers: {
        'user-agent': 'PostmanRuntime/7.41.0',
        accept: '*/*',
        'cache-control': 'no-cache',
        'postman-token': '7bd28fc0-eec2-45d6-9f99-e123a70970ef',
        host: 'localhost:3000',
        'accept-encoding': 'gzip, deflate, br',
        connection: 'keep-alive',
        'content-length': '0'
      },
      method: 'POST',
      httpVersion: '1.1',
      originalUrl: '/users/2/borrow/4',
      query: {}
    },
    res: { statusCode: 500 },
    responseTime: 14
  },
  level: 'error',
  message: 'HTTP POST /users/2/borrow/4',
  timestamp: '2024-08-11T13:25:35.957Z'
}
{
  meta: {
    req: {
      url: '/users/2/borrow/4',
      headers: {
        'user-agent': 'PostmanRuntime/7.41.0',
        accept: '*/*',
        'cache-control': 'no-cache',
        'postman-token': '260b144f-0f52-444b-81a3-66cd29e5b3d2',
        host: 'localhost:3000',
        'accept-encoding': 'gzip, deflate, br',
        connection: 'keep-alive',
        'content-length': '0'
      },
      method: 'POST',
      httpVersion: '1.1',
      originalUrl: '/users/2/borrow/4',
      query: {}
    },
    res: { statusCode: 500 },
    responseTime: 12
  },
  level: 'error',
  message: 'HTTP POST /users/2/borrow/4',
  timestamp: '2024-08-11T13:26:14.643Z'
}
{
  meta: {
    req: {
      url: '/users/2/borrow/4',
      headers: {
        'user-agent': 'PostmanRuntime/7.41.0',
        accept: '*/*',
        'cache-control': 'no-cache',
        'postman-token': '1f531290-6598-4598-b72a-66e5eda0f7a3',
        host: 'localhost:3000',
        'accept-encoding': 'gzip, deflate, br',
        connection: 'keep-alive',
        'content-length': '0'
      },
      method: 'POST',
      httpVersion: '1.1',
      originalUrl: '/users/2/borrow/4',
      query: {}
    },
    res: { statusCode: 500 },
    responseTime: 374
  },
  level: 'error',
  message: 'HTTP POST /users/2/borrow/4',
  timestamp: '2024-08-11T13:26:37.364Z'
}
{
  meta: {
    req: {
      url: '/users/2/borrow/4',
      headers: {
        'user-agent': 'PostmanRuntime/7.41.0',
        accept: '*/*',
        'cache-control': 'no-cache',
        'postman-token': 'b96b0b1a-8ab8-4410-8331-344124225f09',
        host: 'localhost:3000',
        'accept-encoding': 'gzip, deflate, br',
        connection: 'keep-alive',
        'content-length': '0'
      },
      method: 'POST',
      httpVersion: '1.1',
      originalUrl: '/users/2/borrow/4',
      query: {}
    },
    res: { statusCode: 201 },
    responseTime: 21
  },
  level: 'info',
  message: 'HTTP POST /users/2/borrow/4',
  timestamp: '2024-08-11T13:27:58.523Z'
}
{
  meta: {
    req: {
      url: '/users/2/borrow/4',
      headers: {
        'user-agent': 'PostmanRuntime/7.41.0',
        accept: '*/*',
        'cache-control': 'no-cache',
        'postman-token': 'a860c357-b763-41b2-99d4-6bbf042d6b2e',
        host: 'localhost:3000',
        'accept-encoding': 'gzip, deflate, br',
        connection: 'keep-alive',
        'content-length': '0'
      },
      method: 'POST',
      httpVersion: '1.1',
      originalUrl: '/users/2/borrow/4',
      query: {}
    },
    res: { statusCode: 500 },
    responseTime: 35
  },
  level: 'error',
  message: 'HTTP POST /users/2/borrow/4',
  timestamp: '2024-08-11T13:28:12.462Z'
}
{
  meta: {
    req: {
      url: '/users/2/borrow/4',
      headers: {
        'user-agent': 'PostmanRuntime/7.41.0',
        accept: '*/*',
        'cache-control': 'no-cache',
        'postman-token': '75bc8f66-7581-4e32-abc3-b372dcccdcf8',
        host: 'localhost:3000',
        'accept-encoding': 'gzip, deflate, br',
        connection: 'keep-alive',
        'content-length': '0'
      },
      method: 'POST',
      httpVersion: '1.1',
      originalUrl: '/users/2/borrow/4',
      query: {}
    },
    res: { statusCode: 201 },
    responseTime: 40
  },
  level: 'info',
  message: 'HTTP POST /users/2/borrow/4',
  timestamp: '2024-08-11T13:28:35.390Z'
}
{
  meta: {
    req: {
      url: '/users/2/borrow/4',
      headers: {
        'user-agent': 'PostmanRuntime/7.41.0',
        accept: '*/*',
        'cache-control': 'no-cache',
        'postman-token': '0f97b6b3-a624-4a35-8877-41f2c213c733',
        host: 'localhost:3000',
        'accept-encoding': 'gzip, deflate, br',
        connection: 'keep-alive',
        'content-length': '0'
      },
      method: 'POST',
      httpVersion: '1.1',
      originalUrl: '/users/2/borrow/4',
      query: {}
    },
    res: { statusCode: 500 },
    responseTime: 2
  },
  level: 'error',
  message: 'HTTP POST /users/2/borrow/4',
  timestamp: '2024-08-11T13:28:42.096Z'
}
{
  meta: {
    req: {
      url: '/users/2/return/4',
      headers: {
        'content-type': 'application/json',
        'user-agent': 'PostmanRuntime/7.41.0',
        accept: '*/*',
        'cache-control': 'no-cache',
        'postman-token': '63a3a37b-8d58-42be-a83e-e9a9cc98f8ed',
        host: 'localhost:3000',
        'accept-encoding': 'gzip, deflate, br',
        connection: 'keep-alive',
        'content-length': '15'
      },
      method: 'POST',
      httpVersion: '1.1',
      originalUrl: '/users/2/return/4',
      query: {}
    },
    res: { statusCode: 200 },
    responseTime: 9
  },
  level: 'info',
  message: 'HTTP POST /users/2/return/4',
  timestamp: '2024-08-11T13:28:51.356Z'
}
{
  meta: {
    req: {
      url: '/users/2/borrow/4',
      headers: {
        'user-agent': 'PostmanRuntime/7.41.0',
        accept: '*/*',
        'cache-control': 'no-cache',
        'postman-token': 'e1080266-7b81-47e1-b118-aa1692617b94',
        host: 'localhost:3000',
        'accept-encoding': 'gzip, deflate, br',
        connection: 'keep-alive',
        'content-length': '0'
      },
      method: 'POST',
      httpVersion: '1.1',
      originalUrl: '/users/2/borrow/4',
      query: {}
    },
    res: { statusCode: 201 },
    responseTime: 151
  },
  level: 'info',
  message: 'HTTP POST /users/2/borrow/4',
  timestamp: '2024-08-11T13:29:02.721Z'
}
{
  meta: {
    req: {
      url: '/users/2/return/4',
      headers: {
        'content-type': 'application/json',
        'user-agent': 'PostmanRuntime/7.41.0',
        accept: '*/*',
        'cache-control': 'no-cache',
        'postman-token': '8b119520-7f32-40f4-a363-b3811746d0ba',
        host: 'localhost:3000',
        'accept-encoding': 'gzip, deflate, br',
        connection: 'keep-alive',
        'content-length': '15'
      },
      method: 'POST',
      httpVersion: '1.1',
      originalUrl: '/users/2/return/4',
      query: {}
    },
    res: { statusCode: 200 },
    responseTime: 39
  },
  level: 'info',
  message: 'HTTP POST /users/2/return/4',
  timestamp: '2024-08-11T13:29:14.354Z'
}
{
  meta: {
    req: {
      url: '/users/2/return/4',
      headers: {
        'content-type': 'application/json',
        'user-agent': 'PostmanRuntime/7.41.0',
        accept: '*/*',
        'cache-control': 'no-cache',
        'postman-token': '1b4f23be-a6fe-477e-98a8-1ac8b6b0ca3d',
        host: 'localhost:3000',
        'accept-encoding': 'gzip, deflate, br',
        connection: 'keep-alive',
        'content-length': '15'
      },
      method: 'POST',
      httpVersion: '1.1',
      originalUrl: '/users/2/return/4',
      query: {}
    },
    res: { statusCode: 200 },
    responseTime: 38
  },
  level: 'info',
  message: 'HTTP POST /users/2/return/4',
  timestamp: '2024-08-11T13:29:24.412Z'
}
{
  meta: {
    req: {
      url: '/users/2/return/4',
      headers: {
        'content-type': 'application/json',
        'user-agent': 'PostmanRuntime/7.41.0',
        accept: '*/*',
        'cache-control': 'no-cache',
        'postman-token': '0c30d5c2-8a4d-48a7-b0d1-669e9ec68a82',
        host: 'localhost:3000',
        'accept-encoding': 'gzip, deflate, br',
        connection: 'keep-alive',
        'content-length': '15'
      },
      method: 'POST',
      httpVersion: '1.1',
      originalUrl: '/users/2/return/4',
      query: {}
    },
    res: { statusCode: 200 },
    responseTime: 24
  },
  level: 'info',
  message: 'HTTP POST /users/2/return/4',
  timestamp: '2024-08-11T13:29:49.876Z'
}
{
  meta: {
    req: {
      url: '/users/2/return/4',
      headers: {
        'content-type': 'application/json',
        'user-agent': 'PostmanRuntime/7.41.0',
        accept: '*/*',
        'cache-control': 'no-cache',
        'postman-token': '6d20fd0a-df1b-4a4c-bd19-5869a8b4d5db',
        host: 'localhost:3000',
        'accept-encoding': 'gzip, deflate, br',
        connection: 'keep-alive',
        'content-length': '15'
      },
      method: 'POST',
      httpVersion: '1.1',
      originalUrl: '/users/2/return/4',
      query: {}
    },
    res: { statusCode: 200 },
    responseTime: 19
  },
  level: 'info',
  message: 'HTTP POST /users/2/return/4',
  timestamp: '2024-08-11T13:32:49.751Z'
}
{
  meta: {
    req: {
      url: '/books',
      headers: {
        'content-type': 'application/json',
        'user-agent': 'PostmanRuntime/7.41.0',
        accept: '*/*',
        'cache-control': 'no-cache',
        'postman-token': '1fc99a6a-0342-49c8-94e2-430fa382cbbf',
        host: 'localhost:3000',
        'accept-encoding': 'gzip, deflate, br',
        connection: 'keep-alive',
        'content-length': '32'
      },
      method: 'POST',
      httpVersion: '1.1',
      originalUrl: '/books',
      query: {}
    },
    res: { statusCode: 201 },
    responseTime: 37
  },
  level: 'info',
  message: 'HTTP POST /books',
  timestamp: '2024-08-11T13:34:41.294Z'
}
{
  meta: {
    req: {
      url: '/users/2/borrow/5',
      headers: {
        'user-agent': 'PostmanRuntime/7.41.0',
        accept: '*/*',
        'cache-control': 'no-cache',
        'postman-token': 'eeb8c7fa-1a05-4645-83e2-b4094b2d307b',
        host: 'localhost:3000',
        'accept-encoding': 'gzip, deflate, br',
        connection: 'keep-alive',
        'content-length': '0'
      },
      method: 'POST',
      httpVersion: '1.1',
      originalUrl: '/users/2/borrow/5',
      query: {}
    },
    res: { statusCode: 201 },
    responseTime: 9
  },
  level: 'info',
  message: 'HTTP POST /users/2/borrow/5',
  timestamp: '2024-08-11T13:34:48.936Z'
}
{
  meta: {
    req: {
      url: '/users/2/borrow/5',
      headers: {
        'user-agent': 'PostmanRuntime/7.41.0',
        accept: '*/*',
        'cache-control': 'no-cache',
        'postman-token': 'd806acc5-0c6d-4a6a-98d8-b37e9e4145cc',
        host: 'localhost:3000',
        'accept-encoding': 'gzip, deflate, br',
        connection: 'keep-alive',
        'content-length': '0'
      },
      method: 'POST',
      httpVersion: '1.1',
      originalUrl: '/users/2/borrow/5',
      query: {}
    },
    res: { statusCode: 500 },
    responseTime: 2
  },
  level: 'error',
  message: 'HTTP POST /users/2/borrow/5',
  timestamp: '2024-08-11T13:34:58.766Z'
}
{
  meta: {
    req: {
      url: '/users/2/return/5',
      headers: {
        'content-type': 'application/json',
        'user-agent': 'PostmanRuntime/7.41.0',
        accept: '*/*',
        'cache-control': 'no-cache',
        'postman-token': '802006fa-9443-467e-a4c0-91657ebce2c1',
        host: 'localhost:3000',
        'accept-encoding': 'gzip, deflate, br',
        connection: 'keep-alive',
        'content-length': '15'
      },
      method: 'POST',
      httpVersion: '1.1',
      originalUrl: '/users/2/return/5',
      query: {}
    },
    res: { statusCode: 200 },
    responseTime: 37
  },
  level: 'info',
  message: 'HTTP POST /users/2/return/5',
  timestamp: '2024-08-11T13:35:19.328Z'
}
{
  meta: {
    req: {
      url: '/users/2/borrow/5',
      headers: {
        'user-agent': 'PostmanRuntime/7.41.0',
        accept: '*/*',
        'cache-control': 'no-cache',
        'postman-token': '15c125d7-4100-487b-af99-9692ab5ee5f0',
        host: 'localhost:3000',
        'accept-encoding': 'gzip, deflate, br',
        connection: 'keep-alive',
        'content-length': '0'
      },
      method: 'POST',
      httpVersion: '1.1',
      originalUrl: '/users/2/borrow/5',
      query: {}
    },
    res: { statusCode: 201 },
    responseTime: 38
  },
  level: 'info',
  message: 'HTTP POST /users/2/borrow/5',
  timestamp: '2024-08-11T13:35:32.602Z'
}
{
  meta: {
    req: {
      url: '/users/2/return/5',
      headers: {
        'content-type': 'application/json',
        'user-agent': 'PostmanRuntime/7.41.0',
        accept: '*/*',
        'cache-control': 'no-cache',
        'postman-token': 'f4cec26c-cf36-4b42-9169-96f76ab35bcf',
        host: 'localhost:3000',
        'accept-encoding': 'gzip, deflate, br',
        connection: 'keep-alive',
        'content-length': '15'
      },
      method: 'POST',
      httpVersion: '1.1',
      originalUrl: '/users/2/return/5',
      query: {}
    },
    res: { statusCode: 200 },
    responseTime: 38
  },
  level: 'info',
  message: 'HTTP POST /users/2/return/5',
  timestamp: '2024-08-11T13:35:47.520Z'
}
